[2025-05-02 15:16:26,649: INFO: common: yaml file: config\config.yaml loaded successfully]
[2025-05-02 15:16:26,653: INFO: common: yaml file: params.yaml loaded successfully]
[2025-05-02 15:16:26,657: INFO: common: yaml file: schema.yaml loaded successfully]
[2025-05-02 15:16:26,659: INFO: common: created directory at: artifacts]
[2025-05-02 15:16:26,659: INFO: common: created directory at: artifacts/data_ingestion]
[2025-05-02 15:18:27,321: INFO: common: yaml file: config\config.yaml loaded successfully]
[2025-05-02 15:18:27,324: INFO: common: yaml file: params.yaml loaded successfully]
[2025-05-02 15:18:27,328: INFO: common: yaml file: schema.yaml loaded successfully]
[2025-05-02 15:18:27,331: INFO: common: created directory at: artifacts]
[2025-05-02 15:18:27,410: INFO: common: created directory at: artifacts/data_ingestion]
[2025-05-02 15:18:27,414: INFO: 1756139551: File already exists at artifacts/data_ingestion/data.zip]
[2025-05-02 15:19:02,467: INFO: common: yaml file: config\config.yaml loaded successfully]
[2025-05-02 15:19:02,470: INFO: common: yaml file: params.yaml loaded successfully]
[2025-05-02 15:19:02,475: INFO: common: yaml file: schema.yaml loaded successfully]
[2025-05-02 15:19:02,479: INFO: common: created directory at: artifacts]
[2025-05-02 15:19:02,484: INFO: common: created directory at: artifacts/data_ingestion]
[2025-05-02 15:19:02,487: INFO: 2525656938: File already exists at artifacts/data_ingestion/data.zip]
[2025-05-06 17:21:30,705: INFO: main: >>>>>> stage Data Ingestion stage started <<<<<<]
[2025-05-06 17:21:30,779: INFO: common: yaml file: config\config.yaml loaded successfully]
[2025-05-06 17:21:30,815: INFO: common: yaml file: params.yaml loaded successfully]
[2025-05-06 17:21:30,825: INFO: common: yaml file: schema.yaml loaded successfully]
[2025-05-06 17:21:30,849: INFO: common: created directory at: artifacts]
[2025-05-06 17:21:30,849: INFO: common: created directory at: artifacts/data_ingestion]
[2025-05-06 17:21:32,436: INFO: data_ingestion: artifacts/data_ingestion/data.zip downloaded successfully]
[2025-05-06 17:21:32,619: INFO: main: >>>>>> stage Data Ingestion stage completed <<<<<<

]
[2025-05-06 19:34:01,672: INFO: common: yaml file: config\config.yaml loaded successfully]
[2025-05-06 19:34:01,960: INFO: common: yaml file: params.yaml loaded successfully]
[2025-05-06 19:34:01,970: INFO: common: yaml file: schema.yaml loaded successfully]
[2025-05-06 19:34:02,032: INFO: common: created directory at: artifacts]
[2025-05-06 19:34:02,034: INFO: common: created directory at: artifacts/data_validation]
[2025-05-06 19:59:39,740: INFO: main: >>>>>> stage Data Ingestion stage started <<<<<<]
[2025-05-06 19:59:39,746: INFO: common: yaml file: config\config.yaml loaded successfully]
[2025-05-06 19:59:39,747: INFO: common: yaml file: params.yaml loaded successfully]
[2025-05-06 19:59:39,750: INFO: common: yaml file: schema.yaml loaded successfully]
[2025-05-06 19:59:39,751: INFO: common: created directory at: artifacts]
[2025-05-06 19:59:39,752: INFO: common: created directory at: artifacts/data_ingestion]
[2025-05-06 19:59:39,753: INFO: data_ingestion: File already exists at artifacts/data_ingestion/data.zip]
[2025-05-06 19:59:39,899: INFO: main: >>>>>> stage Data Ingestion stage completed <<<<<<

]
[2025-05-06 19:59:39,900: INFO: main: >>>>>> stage Data Validation stage started <<<<<<]
[2025-05-06 19:59:39,907: INFO: common: yaml file: config\config.yaml loaded successfully]
[2025-05-06 19:59:39,908: INFO: common: yaml file: params.yaml loaded successfully]
[2025-05-06 19:59:39,912: INFO: common: yaml file: schema.yaml loaded successfully]
[2025-05-06 19:59:39,913: INFO: common: created directory at: artifacts]
[2025-05-06 19:59:39,913: INFO: common: created directory at: artifacts/data_validation]
[2025-05-06 19:59:39,957: INFO: main: >>>>>> stage Data Validation stage completed <<<<<<

x==========x]
